build/app/outputs/logs/manifest-merger-debug-report.txt
-- Merging decision tree log ---
manifest
ADDED from src/main/AndroidManifest.xml:1:1-28:12
	package
		ADDED from src/main/AndroidManifest.xml:2:5-41
		INJECTED from src/main/AndroidManifest.xml
		INJECTED from src/main/AndroidManifest.xml
	android:versionName
		INJECTED from src/main/AndroidManifest.xml
		INJECTED from src/main/AndroidManifest.xml
	xmlns:android
		ADDED from src/main/AndroidManifest.xml:1:11-69
	android:versionCode
		INJECTED from src/main/AndroidManifest.xml
		INJECTED from src/main/AndroidManifest.xml
uses-permission#android.permission.INTERNET
ADDED from src/main/AndroidManifest.xml:8:5-66
	android:name
		ADDED from src/main/AndroidManifest.xml:8:22-64
application
ADDED from src/main/AndroidManifest.xml:15:5-27:19
	android:label
		ADDED from src/main/AndroidManifest.xml:15:67-94
	android:icon
		ADDED from src/main/AndroidManifest.xml:15:95-129
	android:name
		ADDED from src/main/AndroidManifest.xml:15:18-66
activity#com.yourcompany.walksafely.MainActivity
ADDED from src/main/AndroidManifest.xml:16:9-26:20
	android:hardwareAccelerated
		ADDED from src/main/AndroidManifest.xml:20:19-53
	android:launchMode
		ADDED from src/main/AndroidManifest.xml:17:19-49
	android:windowSoftInputMode
		ADDED from src/main/AndroidManifest.xml:21:19-61
	android:configChanges
		ADDED from src/main/AndroidManifest.xml:19:19-112
	android:theme
		ADDED from src/main/AndroidManifest.xml:18:19-72
	android:name
		ADDED from src/main/AndroidManifest.xml:16:19-47
intent-filter#android.intent.action.MAIN+android.intent.category.LAUNCHER
ADDED from src/main/AndroidManifest.xml:22:13-25:29
action#android.intent.action.MAIN
ADDED from src/main/AndroidManifest.xml:23:17-68
	android:name
		ADDED from src/main/AndroidManifest.xml:23:25-66
category#android.intent.category.LAUNCHER
ADDED from src/main/AndroidManifest.xml:24:17-76
	android:name
		ADDED from src/main/AndroidManifest.xml:24:27-74
uses-sdk
INJECTED from src/main/AndroidManifest.xml reason: use-sdk injection requested
	android:targetSdkVersion
		INJECTED from src/main/AndroidManifest.xml
		INJECTED from src/main/AndroidManifest.xml
	android:minSdkVersion
		INJECTED from src/main/AndroidManifest.xml
		INJECTED from src/main/AndroidManifest.xml